Logfile initialized
[INFO] logfile = C:\Users\Knolan\Documents\TiWorkSpace\SocialApp\build.log
[DEBUG] C:\Users\Knolan\AppData\Roaming\Titanium\mobilesdk\win32\2.1.3.GA\android\builder.py simulator SocialApp C:\Users\Knolan\Documents\ASDK C:\Users\Knolan\Documents\TiWorkSpace\SocialApp edu.grcc.co275.socialapp 8 HVGA
[INFO] Building SocialApp for Android ... one moment
[INFO] Titanium SDK version: 2.1.3 (10/02/12 16:16 15997d0)
[DEBUG] Waiting for device to be ready ...
[TRACE] adb devices returned 0 devices/emulators
[DEBUG] signal caught: 3
[DEBUG] calling emulator kill on 3532
[TRACE] adb devices returned 0 devices/emulators
[TRACE] adb devices returned 1 devices/emulators
[TRACE] adb devices returned 1 devices/emulators
[TRACE] adb devices returned 1 devices/emulators
[TRACE] adb devices returned 1 devices/emulators
[TRACE] adb devices returned 1 devices/emulators
[TRACE] adb devices returned 1 devices/emulators
[TRACE] adb devices returned 1 devices/emulators
[TRACE] adb devices returned 1 devices/emulators
[TRACE] adb devices returned 1 devices/emulators
[TRACE] adb devices returned 1 devices/emulators
[DEBUG] Device connected... (waited 55 seconds)
[DEBUG] waited 55.270000 seconds on emulator to get ready
[INFO] Waiting for the Android Emulator to become available
[DEBUG] edu.grcc.co275.socialapp installed? True
[WARN] Fastdev enabled, but server isn't running, deploying normally
[INFO] Copying CommonJS modules...
[INFO] Copying project resources..
[TRACE] Generating Java Classes
[DEBUG] Processing Android resource drawables
[DEBUG] copying app icon: C:\Users\Knolan\Documents\TiWorkSpace\SocialApp\build\android\bin\assets\Resources\appicon.png
[DEBUG] generating theme.xml
[DEBUG] found drawable-long-land-hdpi splash screen at C:\Users\Knolan\Documents\TiWorkSpace\SocialApp\Resources\android\images\res-long-land-hdpi\default.png
[DEBUG] copying C:\Users\Knolan\Documents\TiWorkSpace\SocialApp\Resources\android\images\res-long-land-hdpi\default.png splash screen to C:\Users\Knolan\Documents\TiWorkSpace\SocialApp\build\android\res\drawable-long-land-hdpi\background.png
[DEBUG] found drawable-long-land-ldpi splash screen at C:\Users\Knolan\Documents\TiWorkSpace\SocialApp\Resources\android\images\res-long-land-ldpi\default.png
[DEBUG] copying C:\Users\Knolan\Documents\TiWorkSpace\SocialApp\Resources\android\images\res-long-land-ldpi\default.png splash screen to C:\Users\Knolan\Documents\TiWorkSpace\SocialApp\build\android\res\drawable-long-land-ldpi\background.png
[DEBUG] found drawable-long-port-hdpi splash screen at C:\Users\Knolan\Documents\TiWorkSpace\SocialApp\Resources\android\images\res-long-port-hdpi\default.png
[DEBUG] copying C:\Users\Knolan\Documents\TiWorkSpace\SocialApp\Resources\android\images\res-long-port-hdpi\default.png splash screen to C:\Users\Knolan\Documents\TiWorkSpace\SocialApp\build\android\res\drawable-long-port-hdpi\background.png
[DEBUG] found drawable-long-port-ldpi splash screen at C:\Users\Knolan\Documents\TiWorkSpace\SocialApp\Resources\android\images\res-long-port-ldpi\default.png
[DEBUG] copying C:\Users\Knolan\Documents\TiWorkSpace\SocialApp\Resources\android\images\res-long-port-ldpi\default.png splash screen to C:\Users\Knolan\Documents\TiWorkSpace\SocialApp\build\android\res\drawable-long-port-ldpi\background.png
[DEBUG] found drawable-notlong-land-hdpi splash screen at C:\Users\Knolan\Documents\TiWorkSpace\SocialApp\Resources\android\images\res-notlong-land-hdpi\default.png
[DEBUG] copying C:\Users\Knolan\Documents\TiWorkSpace\SocialApp\Resources\android\images\res-notlong-land-hdpi\default.png splash screen to C:\Users\Knolan\Documents\TiWorkSpace\SocialApp\build\android\res\drawable-notlong-land-hdpi\background.png
[DEBUG] found drawable-notlong-land-ldpi splash screen at C:\Users\Knolan\Documents\TiWorkSpace\SocialApp\Resources\android\images\res-notlong-land-ldpi\default.png
[DEBUG] copying C:\Users\Knolan\Documents\TiWorkSpace\SocialApp\Resources\android\images\res-notlong-land-ldpi\default.png splash screen to C:\Users\Knolan\Documents\TiWorkSpace\SocialApp\build\android\res\drawable-notlong-land-ldpi\background.png
[DEBUG] found drawable-notlong-land-mdpi splash screen at C:\Users\Knolan\Documents\TiWorkSpace\SocialApp\Resources\android\images\res-notlong-land-mdpi\default.png
[DEBUG] copying C:\Users\Knolan\Documents\TiWorkSpace\SocialApp\Resources\android\images\res-notlong-land-mdpi\default.png splash screen to C:\Users\Knolan\Documents\TiWorkSpace\SocialApp\build\android\res\drawable-notlong-land-mdpi\background.png
[DEBUG] found drawable-notlong-port-hdpi splash screen at C:\Users\Knolan\Documents\TiWorkSpace\SocialApp\Resources\android\images\res-notlong-port-hdpi\default.png
[DEBUG] copying C:\Users\Knolan\Documents\TiWorkSpace\SocialApp\Resources\android\images\res-notlong-port-hdpi\default.png splash screen to C:\Users\Knolan\Documents\TiWorkSpace\SocialApp\build\android\res\drawable-notlong-port-hdpi\background.png
[DEBUG] found drawable-notlong-port-ldpi splash screen at C:\Users\Knolan\Documents\TiWorkSpace\SocialApp\Resources\android\images\res-notlong-port-ldpi\default.png
[DEBUG] copying C:\Users\Knolan\Documents\TiWorkSpace\SocialApp\Resources\android\images\res-notlong-port-ldpi\default.png splash screen to C:\Users\Knolan\Documents\TiWorkSpace\SocialApp\build\android\res\drawable-notlong-port-ldpi\background.png
[DEBUG] found drawable-notlong-port-mdpi splash screen at C:\Users\Knolan\Documents\TiWorkSpace\SocialApp\Resources\android\images\res-notlong-port-mdpi\default.png
[DEBUG] copying C:\Users\Knolan\Documents\TiWorkSpace\SocialApp\Resources\android\images\res-notlong-port-mdpi\default.png splash screen to C:\Users\Knolan\Documents\TiWorkSpace\SocialApp\build\android\res\drawable-notlong-port-mdpi\background.png
[DEBUG] found splash screen at C:\Users\Knolan\Documents\TiWorkSpace\SocialApp\build\android\bin\assets\Resources\default.png
[TRACE] Writing out AndroidManifest.xml
[DEBUG] adding C:\Users\Knolan\Documents\TiWorkSpace\SocialApp\build\android\gen\edu\grcc\co275\socialapp\R.java to javac build list
[DEBUG] adding C:\Users\Knolan\Documents\TiWorkSpace\SocialApp\build\android\gen\edu\grcc\co275\socialapp\SocialappActivity.java to javac build list
[DEBUG] adding C:\Users\Knolan\Documents\TiWorkSpace\SocialApp\build\android\gen\edu\grcc\co275\socialapp\SocialappAppInfo.java to javac build list
[DEBUG] adding C:\Users\Knolan\Documents\TiWorkSpace\SocialApp\build\android\gen\edu\grcc\co275\socialapp\SocialappApplication.java to javac build list
[DEBUG] Building Java Sources: "C:\\Users\\Knolan\\Documents\\TiWorkSpace\\SocialApp\\build\\android\\gen\\edu\\grcc\\co275\\socialapp\\R.java" "C:\\Users\\Knolan\\Documents\\TiWorkSpace\\SocialApp\\build\\android\\gen\\edu\\grcc\\co275\\socialapp\\SocialappActivity.java" "C:\\Users\\Knolan\\Documents\\TiWorkSpace\\SocialApp\\build\\android\\gen\\edu\\grcc\\co275\\socialapp\\SocialappAppInfo.java" "C:\\Users\\Knolan\\Documents\\TiWorkSpace\\SocialApp\\build\\android\\gen\\edu\\grcc\\co275\\socialapp\\SocialappApplication.java"
[INFO] Waiting for SDCard to become available..
[INFO] Compiling Android Resources... This could take some time
[DEBUG] Android classes.dex built
[DEBUG] creating unsigned apk: C:\Users\Knolan\Documents\TiWorkSpace\SocialApp\build\android\bin\app-unsigned.apk
[DEBUG] from resource zip => assets/Resources/images/arrow-down.png
[DEBUG] from resource zip => assets/Resources/images/arrow-up.png
[DEBUG] from resource zip => assets/Resources/images/background.jpg
[DEBUG] from resource zip => assets/Resources/images/background.png
[DEBUG] from resource zip => assets/Resources/images/battletech.jpg
[DEBUG] from resource zip => assets/Resources/images/foodicon.jpg
[DEBUG] from resource zip => assets/Resources/images/fork-and-knife.png
[DEBUG] from resource zip => assets/Resources/images/header.png
[DEBUG] from resource zip => assets/Resources/images/heart.png
[DEBUG] from resource zip => assets/Resources/images/images.jpg
[DEBUG] from resource zip => assets/Resources/images/my_test_photo.png
[DEBUG] from resource zip => assets/Resources/lib/oauth.js
[DEBUG] from resource zip => assets/Resources/lib/sha1.js
[DEBUG] from resource zip => assets/Resources/KS_nav_ui.png
[DEBUG] from resource zip => assets/Resources/KS_nav_views.png
[DEBUG] from resource zip => assets/Resources/app.js
[DEBUG] from resource zip => assets/Resources/appicon.jpg
[DEBUG] from resource zip => assets/Resources/appicon.png
[DEBUG] from resource zip => assets/Resources/birdhouse.js
[DEBUG] from resource zip => assets/Resources/default.png
[DEBUG] from resource zip => assets/Resources/default_app_logo.jpg
[DEBUG] from resource zip => assets/Resources/default_app_logo.png
[DEBUG] from resource zip => assets/Resources/item1.png
[DEBUG] from resource zip => assets/Resources/rssfeed.js
[DEBUG] from resource zip => assets/Resources/ti.cloud.js
[DEBUG] from resource zip => assets/app.json
[DEBUG] from resource zip => assets/index.json
[DEBUG] from resource zip => assets/tiapp.xml
[DEBUG] from resource zip => res/drawable/appicon.png
[DEBUG] from resource zip => res/drawable/background.png
[DEBUG] from resource zip => res/layout/titanium_tabgroup.xml
[DEBUG] from resource zip => AndroidManifest.xml
[DEBUG] from resource zip => resources.arsc
[DEBUG] from resource zip => res/drawable-long-land-hdpi/background.png
[DEBUG] from resource zip => res/drawable-long-land-ldpi/background.png
[DEBUG] from resource zip => res/drawable-long-port-hdpi/background.png
[DEBUG] from resource zip => res/drawable-long-port-ldpi/background.png
[DEBUG] from resource zip => res/drawable-notlong-land-hdpi/background.png
[DEBUG] from resource zip => res/drawable-notlong-land-ldpi/background.png
[DEBUG] from resource zip => res/drawable-notlong-land-mdpi/background.png
[DEBUG] from resource zip => res/drawable-notlong-port-hdpi/background.png
[DEBUG] from resource zip => res/drawable-notlong-port-ldpi/background.png
[DEBUG] from resource zip => res/drawable-notlong-port-mdpi/background.png
[DEBUG] from JAR C:\Users\Knolan\AppData\Roaming\Titanium\mobilesdk\win32\2.1.3.GA\android\thirdparty.jar => org/apache/Commons-NOTICE.txt
[DEBUG] from JAR C:\Users\Knolan\AppData\Roaming\Titanium\mobilesdk\win32\2.1.3.GA\android\thirdparty.jar => org/apache/HttpComponents-NOTICE.txt
[DEBUG] from JAR C:\Users\Knolan\AppData\Roaming\Titanium\mobilesdk\win32\2.1.3.GA\android\thirdparty.jar => org/apache/mime4j-NOTICE.txt
[DEBUG] from JAR C:\Users\Knolan\AppData\Roaming\Titanium\mobilesdk\win32\2.1.3.GA\android\titanium.jar => org/appcelerator/titanium/build.properties
[DEBUG] from JAR C:\Users\Knolan\AppData\Roaming\Titanium\mobilesdk\win32\2.1.3.GA\android\titanium.jar => org/appcelerator/titanium/res/drawable/background.png
[DEBUG] from JAR C:\Users\Knolan\AppData\Roaming\Titanium\mobilesdk\win32\2.1.3.GA\android\titanium.jar => org/appcelerator/titanium/res/drawable/btn_check_buttonless_on.png
[DEBUG] from JAR C:\Users\Knolan\AppData\Roaming\Titanium\mobilesdk\win32\2.1.3.GA\android\titanium.jar => org/appcelerator/titanium/res/drawable/btn_check_buttonless_on_18.png
[DEBUG] from JAR C:\Users\Knolan\AppData\Roaming\Titanium\mobilesdk\win32\2.1.3.GA\android\titanium.jar => org/appcelerator/titanium/res/drawable/btn_check_buttonless_on_48.png
[DEBUG] from JAR C:\Users\Knolan\AppData\Roaming\Titanium\mobilesdk\win32\2.1.3.GA\android\titanium.jar => org/appcelerator/titanium/res/drawable/btn_more.png
[DEBUG] from JAR C:\Users\Knolan\AppData\Roaming\Titanium\mobilesdk\win32\2.1.3.GA\android\titanium.jar => org/appcelerator/titanium/res/drawable/btn_more_18.png
[DEBUG] from JAR C:\Users\Knolan\AppData\Roaming\Titanium\mobilesdk\win32\2.1.3.GA\android\titanium.jar => org/appcelerator/titanium/res/drawable/btn_more_48.png
[DEBUG] from JAR C:\Users\Knolan\AppData\Roaming\Titanium\mobilesdk\win32\2.1.3.GA\android\titanium.jar => org/appcelerator/titanium/res/drawable/btn_picker_normal.9.png
[DEBUG] from JAR C:\Users\Knolan\AppData\Roaming\Titanium\mobilesdk\win32\2.1.3.GA\android\titanium.jar => org/appcelerator/titanium/res/drawable/btn_picker_pressed.9.png
[DEBUG] from JAR C:\Users\Knolan\AppData\Roaming\Titanium\mobilesdk\win32\2.1.3.GA\android\titanium.jar => org/appcelerator/titanium/res/drawable/btn_picker_selected.9.png
[DEBUG] from JAR C:\Users\Knolan\AppData\Roaming\Titanium\mobilesdk\win32\2.1.3.GA\android\titanium.jar => org/appcelerator/titanium/res/drawable/default_icon.png
[DEBUG] from JAR C:\Users\Knolan\AppData\Roaming\Titanium\mobilesdk\win32\2.1.3.GA\android\titanium.jar => org/appcelerator/titanium/res/drawable/photoDefault.png
[DEBUG] from JAR C:\Users\Knolan\AppData\Roaming\Titanium\mobilesdk\win32\2.1.3.GA\android\modules\titanium-ui.jar => ti/modules/titanium/ui/widget/webview/binding.js
[DEBUG] from JAR C:\Users\Knolan\AppData\Roaming\Titanium\mobilesdk\win32\2.1.3.GA\android\modules\titanium-ui.jar => ti/modules/titanium/ui/widget/webview/binding.min.js
[DEBUG] from JAR C:\Users\Knolan\AppData\Roaming\Titanium\mobilesdk\win32\2.1.3.GA\android\modules\titanium-ui.jar => ti/modules/titanium/ui/widget/webview/json2.js
[DEBUG] from JAR C:\Users\Knolan\AppData\Roaming\Titanium\mobilesdk\win32\2.1.3.GA\android\modules\titanium-ui.jar => ti/modules/titanium/ui/widget/webview/polling.js
[DEBUG] from JAR C:\Users\Knolan\AppData\Roaming\Titanium\mobilesdk\win32\2.1.3.GA\android\modules\titanium-ui.jar => ti/modules/titanium/ui/widget/webview/polling.min.js
[DEBUG] installing native SDK libs
[DEBUG] Waiting for device to be ready ...
[TRACE] adb devices returned 1 devices/emulators
[DEBUG] Device connected... (waited 0 seconds)
[DEBUG] waited 0.015000 seconds on emulator to get ready
[INFO] Installing application on emulator
[INFO] Launching application ... SocialApp
[TRACE] Launch output: Starting: Intent { act=android.intent.action.MAIN cat=[android.intent.category.LAUNCHER] flg=0x10200000 cmp=edu.grcc.co275.socialapp/.SocialappActivity }

[INFO] Deployed SocialApp ... Application should be running.
